0 info it worked if it ends with ok
1 verbose cli [ 'C:\\Program Files\\nodejs\\node.exe',
1 verbose cli   'C:\\Program Files\\nodejs\\node_modules\\npm\\bin\\npm-cli.js',
1 verbose cli   'run',
1 verbose cli   'make' ]
2 info using npm@3.10.10
3 info using node@v6.11.0
4 verbose run-script [ 'premake', 'make', 'postmake' ]
5 info lifecycle icofront@1.0.0~premake: icofront@1.0.0
6 silly lifecycle icofront@1.0.0~premake: no script for premake, continuing
7 info lifecycle icofront@1.0.0~make: icofront@1.0.0
8 verbose lifecycle icofront@1.0.0~make: unsafe-perm in lifecycle true
9 verbose lifecycle icofront@1.0.0~make: PATH: C:\Program Files\nodejs\node_modules\npm\bin\node-gyp-bin;C:\Users\Бубльгум\WebstormProjects\Rospif\node_modules\.bin;C:\ProgramData\Oracle\Java\javapath;C:\Windows\system32;C:\Windows;C:\Windows\System32\Wbem;C:\Windows\System32\WindowsPowerShell\v1.0\;C:\Program Files (x86)\NVIDIA Corporation\PhysX\Common;C:\Program Files\Git\cmd;C:\Program Files\Git\mingw64\bin;C:\Program Files\Git\usr\bin;C:\Program Files\nodejs\;C:\Users\Бубльгум\AppData\Local\Microsoft\WindowsApps;C:\Users\Бубльгум\AppData\Roaming\npm
10 verbose lifecycle icofront@1.0.0~make: CWD: C:\Users\Бубльгум\WebstormProjects\Rospif
11 silly lifecycle icofront@1.0.0~make: Args: [ '/d /s /c', 'node_modules\\gulp\\bin\\gulp.js' ]
12 silly lifecycle icofront@1.0.0~make: Returned: code: 1  signal: null
13 info lifecycle icofront@1.0.0~make: Failed to exec make script
14 verbose stack Error: icofront@1.0.0 make: `node_modules\gulp\bin\gulp.js`
14 verbose stack Exit status 1
14 verbose stack     at EventEmitter.<anonymous> (C:\Program Files\nodejs\node_modules\npm\lib\utils\lifecycle.js:255:16)
14 verbose stack     at emitTwo (events.js:106:13)
14 verbose stack     at EventEmitter.emit (events.js:191:7)
14 verbose stack     at ChildProcess.<anonymous> (C:\Program Files\nodejs\node_modules\npm\lib\utils\spawn.js:40:14)
14 verbose stack     at emitTwo (events.js:106:13)
14 verbose stack     at ChildProcess.emit (events.js:191:7)
14 verbose stack     at maybeClose (internal/child_process.js:891:16)
14 verbose stack     at Process.ChildProcess._handle.onexit (internal/child_process.js:226:5)
15 verbose pkgid icofront@1.0.0
16 verbose cwd C:\Users\Бубльгум\WebstormProjects\Rospif
17 error Windows_NT 10.0.14393
18 error argv "C:\\Program Files\\nodejs\\node.exe" "C:\\Program Files\\nodejs\\node_modules\\npm\\bin\\npm-cli.js" "run" "make"
19 error node v6.11.0
20 error npm  v3.10.10
21 error code ELIFECYCLE
22 error icofront@1.0.0 make: `node_modules\gulp\bin\gulp.js`
22 error Exit status 1
23 error Failed at the icofront@1.0.0 make script 'node_modules\gulp\bin\gulp.js'.
23 error Make sure you have the latest version of node.js and npm installed.
23 error If you do, this is most likely a problem with the icofront package,
23 error not with npm itself.
23 error Tell the author that this fails on your system:
23 error     node_modules\gulp\bin\gulp.js
23 error You can get information on how to open an issue for this project with:
23 error     npm bugs icofront
23 error Or if that isn't available, you can get their info via:
23 error     npm owner ls icofront
23 error There is likely additional logging output above.
24 verbose exit [ 1, true ]
